<?xml version="1.0" encoding="UTF-8"?>
<!-- Generated by org.testng.reporters.JUnitReportReporter -->
<testsuite hostname="LAPTOP-9T5F1S0J" failures="0" tests="2" name="hakyMaven.MavenJava.ChromeLoadTest" time="0.013" errors="0" timestamp="27 Sep 2021 15:26:05 GMT">
  <testcase classname="hakyMaven.MavenJava.ChromeLoadTest" name="loadChromeDriver" time="0.012"/>
  <testcase classname="hakyMaven.MavenJava.ChromeLoadTest" name="loginChromeTest" time="0.001"/>
</testsuite> <!-- hakyMaven.MavenJava.ChromeLoadTest -->
