<?xml version="1.0" encoding="UTF-8"?>
<testng-results total="2" passed="2" failed="0" skipped="0">
  <reporter-output>
  </reporter-output>
  <suite started-at="2021-09-27T15:26:05Z" name="Suite" finished-at="2021-09-27T15:26:05Z" duration-ms="31">
    <groups>
    </groups>
    <test started-at="2021-09-27T15:26:05Z" name="Test" finished-at="2021-09-27T15:26:05Z" duration-ms="31">
      <class name="hakyMaven.MavenJava.ChromeLoadTest">
        <test-method signature="loadChromeDriver()[pri:0, instance:hakyMaven.MavenJava.ChromeLoadTest@6e01f9b0]" started-at="2021-09-27T20:56:05Z" name="loadChromeDriver" finished-at="2021-09-27T20:56:05Z" duration-ms="12" status="PASS">
          <reporter-output>
          </reporter-output>
        </test-method> <!-- loadChromeDriver -->
        <test-method signature="loginChromeTest()[pri:0, instance:hakyMaven.MavenJava.ChromeLoadTest@6e01f9b0]" started-at="2021-09-27T20:56:05Z" name="loginChromeTest" finished-at="2021-09-27T20:56:05Z" duration-ms="1" status="PASS">
          <reporter-output>
          </reporter-output>
        </test-method> <!-- loginChromeTest -->
      </class> <!-- hakyMaven.MavenJava.ChromeLoadTest -->
    </test> <!-- Test -->
  </suite> <!-- Suite -->
</testng-results>
